<?xml version="1.0" encoding="utf-8"?>
<TestRun id="683ca656-87bd-488c-a866-823d1fc4b577" name="DevStar@DEVSTAR 2025-06-14 22:27:06" runUser="DEVSTAR\DevStar" xmlns="http://microsoft.com/schemas/VisualStudio/TeamTest/2010">
  <Times creation="2025-06-14T22:27:06.7252168+10:00" queuing="2025-06-14T22:27:06.7252173+10:00" start="2025-06-14T22:27:05.7573207+10:00" finish="2025-06-14T22:27:06.7389085+10:00" />
  <TestSettings name="default" id="178fa51e-19ea-4d5f-b2d6-ad1cd5a690a9">
    <Deployment runDeploymentRoot="DevStar_DEVSTAR_2025-06-14_22_27_06" />
  </TestSettings>
  <Results>
    <UnitTestResult executionId="ff2a1c06-28d2-42bf-8daa-77292e5d64da" testId="9f10d332-23f8-e2bd-d85b-aa7b84c3d1d7" testName="FlinkDotNet.Common.Constants.Tests.ServiceConstantsTests.ServiceUris_TaskManagerGrpc_Should_Support_Custom_Port" computerName="DEVSTAR" duration="00:00:00.0232377" startTime="2025-06-14T22:27:06.4844922+10:00" endTime="2025-06-14T22:27:06.5320326+10:00" testType="13cdc9d9-ddb5-4fa4-a97d-d965ccfc6d4b" outcome="Passed" testListId="8c84fa94-04c1-424b-9868-57a2d4851a1d" relativeResultsDirectory="ff2a1c06-28d2-42bf-8daa-77292e5d64da" />
    <UnitTestResult executionId="f4e19e58-7875-442d-ab25-0fa7d53b862b" testId="d5a2da8c-d018-e837-688a-a1c97e1c60bc" testName="FlinkDotNet.Common.Constants.Tests.ServiceConstantsTests.ServiceUris_Should_Generate_Correct_Secure_URIs" computerName="DEVSTAR" duration="00:00:00.0005435" startTime="2025-06-14T22:27:06.5420032+10:00" endTime="2025-06-14T22:27:06.5425066+10:00" testType="13cdc9d9-ddb5-4fa4-a97d-d965ccfc6d4b" outcome="Passed" testListId="8c84fa94-04c1-424b-9868-57a2d4851a1d" relativeResultsDirectory="f4e19e58-7875-442d-ab25-0fa7d53b862b" />
    <UnitTestResult executionId="30499c0f-5f95-48fb-a59d-41d44d324c5e" testId="2a05d36c-6663-f391-0363-914b59a4350d" testName="FlinkDotNet.Common.Constants.Tests.ServiceConstantsTests.EnvironmentVariables_Should_Have_Expected_Names" computerName="DEVSTAR" duration="00:00:00.0001367" startTime="2025-06-14T22:27:06.5415258+10:00" endTime="2025-06-14T22:27:06.5415667+10:00" testType="13cdc9d9-ddb5-4fa4-a97d-d965ccfc6d4b" outcome="Passed" testListId="8c84fa94-04c1-424b-9868-57a2d4851a1d" relativeResultsDirectory="30499c0f-5f95-48fb-a59d-41d44d324c5e" />
    <UnitTestResult executionId="55645113-6177-4baa-9b12-47409764dcfb" testId="f6fed75f-ca2d-7372-d8f9-d54cb48e3241" testName="FlinkDotNet.Common.Constants.Tests.ServiceConstantsTests.ServicePorts_Should_Use_Environment_Variables_When_Available" computerName="DEVSTAR" duration="00:00:00.0054330" startTime="2025-06-14T22:27:06.5416782+10:00" endTime="2025-06-14T22:27:06.5417176+10:00" testType="13cdc9d9-ddb5-4fa4-a97d-d965ccfc6d4b" outcome="Passed" testListId="8c84fa94-04c1-424b-9868-57a2d4851a1d" relativeResultsDirectory="55645113-6177-4baa-9b12-47409764dcfb" />
    <UnitTestResult executionId="f7bc7528-56fb-4d13-a3db-091369f7d89c" testId="71caa96c-eefc-f37c-a516-3df976d2ceb2" testName="FlinkDotNet.Common.Constants.Tests.ServiceConstantsTests.ServiceUris_Insecure_TaskManagerGrpc_Should_Support_Custom_Port" computerName="DEVSTAR" duration="00:00:00.0001537" startTime="2025-06-14T22:27:06.5426434+10:00" endTime="2025-06-14T22:27:06.5427391+10:00" testType="13cdc9d9-ddb5-4fa4-a97d-d965ccfc6d4b" outcome="Passed" testListId="8c84fa94-04c1-424b-9868-57a2d4851a1d" relativeResultsDirectory="f7bc7528-56fb-4d13-a3db-091369f7d89c" />
    <UnitTestResult executionId="458403bc-24b5-46c2-8635-260527c2c8f9" testId="55c4c805-8d57-3d93-0f42-a1786ee1830d" testName="FlinkDotNet.Common.Constants.Tests.ServiceConstantsTests.ServicePorts_Should_Have_Expected_Defaults_When_No_Environment_Variables" computerName="DEVSTAR" duration="00:00:00.0003386" startTime="2025-06-14T22:27:06.5418346+10:00" endTime="2025-06-14T22:27:06.5418947+10:00" testType="13cdc9d9-ddb5-4fa4-a97d-d965ccfc6d4b" outcome="Passed" testListId="8c84fa94-04c1-424b-9868-57a2d4851a1d" relativeResultsDirectory="458403bc-24b5-46c2-8635-260527c2c8f9" />
    <UnitTestResult executionId="585b21b8-9ce5-4ee9-b62d-ec6f2a83321f" testId="bd2849e8-9f43-d821-f313-ca9c2ad28335" testName="FlinkDotNet.Common.Constants.Tests.ServiceConstantsTests.ServiceHosts_Should_Have_Expected_Defaults" computerName="DEVSTAR" duration="00:00:00.0000827" startTime="2025-06-14T22:27:06.5413474+10:00" endTime="2025-06-14T22:27:06.5413936+10:00" testType="13cdc9d9-ddb5-4fa4-a97d-d965ccfc6d4b" outcome="Passed" testListId="8c84fa94-04c1-424b-9868-57a2d4851a1d" relativeResultsDirectory="585b21b8-9ce5-4ee9-b62d-ec6f2a83321f" />
    <UnitTestResult executionId="8635016a-8916-4539-91ce-f5a47898cb89" testId="16e3ee12-4cc7-7382-5087-3f265cd0c8c5" testName="FlinkDotNet.Common.Constants.Tests.ServiceConstantsTests.ServiceUris_Should_Generate_Correct_Insecure_URIs_For_Development" computerName="DEVSTAR" duration="00:00:00.0012271" startTime="2025-06-14T22:27:06.5407614+10:00" endTime="2025-06-14T22:27:06.5408375+10:00" testType="13cdc9d9-ddb5-4fa4-a97d-d965ccfc6d4b" outcome="Passed" testListId="8c84fa94-04c1-424b-9868-57a2d4851a1d" relativeResultsDirectory="8635016a-8916-4539-91ce-f5a47898cb89" />
  </Results>
  <TestDefinitions>
    <UnitTest name="FlinkDotNet.Common.Constants.Tests.ServiceConstantsTests.ServicePorts_Should_Use_Environment_Variables_When_Available" storage="c:\github\flink.net\flinkdotnet\flinkdotnet.common.constants.tests\bin\release\net8.0\flinkdotnet.common.constants.tests.dll" id="f6fed75f-ca2d-7372-d8f9-d54cb48e3241">
      <Execution id="55645113-6177-4baa-9b12-47409764dcfb" />
      <TestMethod codeBase="C:\GitHub\FLINK.NET\FlinkDotNet\FlinkDotNet.Common.Constants.Tests\bin\Release\net8.0\FlinkDotNet.Common.Constants.Tests.dll" adapterTypeName="executor://xunit/VsTestRunner3/netcore/" className="FlinkDotNet.Common.Constants.Tests.ServiceConstantsTests" name="ServicePorts_Should_Use_Environment_Variables_When_Available" />
    </UnitTest>
    <UnitTest name="FlinkDotNet.Common.Constants.Tests.ServiceConstantsTests.ServicePorts_Should_Have_Expected_Defaults_When_No_Environment_Variables" storage="c:\github\flink.net\flinkdotnet\flinkdotnet.common.constants.tests\bin\release\net8.0\flinkdotnet.common.constants.tests.dll" id="55c4c805-8d57-3d93-0f42-a1786ee1830d">
      <Execution id="458403bc-24b5-46c2-8635-260527c2c8f9" />
      <TestMethod codeBase="C:\GitHub\FLINK.NET\FlinkDotNet\FlinkDotNet.Common.Constants.Tests\bin\Release\net8.0\FlinkDotNet.Common.Constants.Tests.dll" adapterTypeName="executor://xunit/VsTestRunner3/netcore/" className="FlinkDotNet.Common.Constants.Tests.ServiceConstantsTests" name="ServicePorts_Should_Have_Expected_Defaults_When_No_Environment_Variables" />
    </UnitTest>
    <UnitTest name="FlinkDotNet.Common.Constants.Tests.ServiceConstantsTests.ServiceUris_TaskManagerGrpc_Should_Support_Custom_Port" storage="c:\github\flink.net\flinkdotnet\flinkdotnet.common.constants.tests\bin\release\net8.0\flinkdotnet.common.constants.tests.dll" id="9f10d332-23f8-e2bd-d85b-aa7b84c3d1d7">
      <Execution id="ff2a1c06-28d2-42bf-8daa-77292e5d64da" />
      <TestMethod codeBase="C:\GitHub\FLINK.NET\FlinkDotNet\FlinkDotNet.Common.Constants.Tests\bin\Release\net8.0\FlinkDotNet.Common.Constants.Tests.dll" adapterTypeName="executor://xunit/VsTestRunner3/netcore/" className="FlinkDotNet.Common.Constants.Tests.ServiceConstantsTests" name="ServiceUris_TaskManagerGrpc_Should_Support_Custom_Port" />
    </UnitTest>
    <UnitTest name="FlinkDotNet.Common.Constants.Tests.ServiceConstantsTests.ServiceUris_Insecure_TaskManagerGrpc_Should_Support_Custom_Port" storage="c:\github\flink.net\flinkdotnet\flinkdotnet.common.constants.tests\bin\release\net8.0\flinkdotnet.common.constants.tests.dll" id="71caa96c-eefc-f37c-a516-3df976d2ceb2">
      <Execution id="f7bc7528-56fb-4d13-a3db-091369f7d89c" />
      <TestMethod codeBase="C:\GitHub\FLINK.NET\FlinkDotNet\FlinkDotNet.Common.Constants.Tests\bin\Release\net8.0\FlinkDotNet.Common.Constants.Tests.dll" adapterTypeName="executor://xunit/VsTestRunner3/netcore/" className="FlinkDotNet.Common.Constants.Tests.ServiceConstantsTests" name="ServiceUris_Insecure_TaskManagerGrpc_Should_Support_Custom_Port" />
    </UnitTest>
    <UnitTest name="FlinkDotNet.Common.Constants.Tests.ServiceConstantsTests.EnvironmentVariables_Should_Have_Expected_Names" storage="c:\github\flink.net\flinkdotnet\flinkdotnet.common.constants.tests\bin\release\net8.0\flinkdotnet.common.constants.tests.dll" id="2a05d36c-6663-f391-0363-914b59a4350d">
      <Execution id="30499c0f-5f95-48fb-a59d-41d44d324c5e" />
      <TestMethod codeBase="C:\GitHub\FLINK.NET\FlinkDotNet\FlinkDotNet.Common.Constants.Tests\bin\Release\net8.0\FlinkDotNet.Common.Constants.Tests.dll" adapterTypeName="executor://xunit/VsTestRunner3/netcore/" className="FlinkDotNet.Common.Constants.Tests.ServiceConstantsTests" name="EnvironmentVariables_Should_Have_Expected_Names" />
    </UnitTest>
    <UnitTest name="FlinkDotNet.Common.Constants.Tests.ServiceConstantsTests.ServiceUris_Should_Generate_Correct_Insecure_URIs_For_Development" storage="c:\github\flink.net\flinkdotnet\flinkdotnet.common.constants.tests\bin\release\net8.0\flinkdotnet.common.constants.tests.dll" id="16e3ee12-4cc7-7382-5087-3f265cd0c8c5">
      <Execution id="8635016a-8916-4539-91ce-f5a47898cb89" />
      <TestMethod codeBase="C:\GitHub\FLINK.NET\FlinkDotNet\FlinkDotNet.Common.Constants.Tests\bin\Release\net8.0\FlinkDotNet.Common.Constants.Tests.dll" adapterTypeName="executor://xunit/VsTestRunner3/netcore/" className="FlinkDotNet.Common.Constants.Tests.ServiceConstantsTests" name="ServiceUris_Should_Generate_Correct_Insecure_URIs_For_Development" />
    </UnitTest>
    <UnitTest name="FlinkDotNet.Common.Constants.Tests.ServiceConstantsTests.ServiceUris_Should_Generate_Correct_Secure_URIs" storage="c:\github\flink.net\flinkdotnet\flinkdotnet.common.constants.tests\bin\release\net8.0\flinkdotnet.common.constants.tests.dll" id="d5a2da8c-d018-e837-688a-a1c97e1c60bc">
      <Execution id="f4e19e58-7875-442d-ab25-0fa7d53b862b" />
      <TestMethod codeBase="C:\GitHub\FLINK.NET\FlinkDotNet\FlinkDotNet.Common.Constants.Tests\bin\Release\net8.0\FlinkDotNet.Common.Constants.Tests.dll" adapterTypeName="executor://xunit/VsTestRunner3/netcore/" className="FlinkDotNet.Common.Constants.Tests.ServiceConstantsTests" name="ServiceUris_Should_Generate_Correct_Secure_URIs" />
    </UnitTest>
    <UnitTest name="FlinkDotNet.Common.Constants.Tests.ServiceConstantsTests.ServiceHosts_Should_Have_Expected_Defaults" storage="c:\github\flink.net\flinkdotnet\flinkdotnet.common.constants.tests\bin\release\net8.0\flinkdotnet.common.constants.tests.dll" id="bd2849e8-9f43-d821-f313-ca9c2ad28335">
      <Execution id="585b21b8-9ce5-4ee9-b62d-ec6f2a83321f" />
      <TestMethod codeBase="C:\GitHub\FLINK.NET\FlinkDotNet\FlinkDotNet.Common.Constants.Tests\bin\Release\net8.0\FlinkDotNet.Common.Constants.Tests.dll" adapterTypeName="executor://xunit/VsTestRunner3/netcore/" className="FlinkDotNet.Common.Constants.Tests.ServiceConstantsTests" name="ServiceHosts_Should_Have_Expected_Defaults" />
    </UnitTest>
  </TestDefinitions>
  <TestEntries>
    <TestEntry testId="9f10d332-23f8-e2bd-d85b-aa7b84c3d1d7" executionId="ff2a1c06-28d2-42bf-8daa-77292e5d64da" testListId="8c84fa94-04c1-424b-9868-57a2d4851a1d" />
    <TestEntry testId="d5a2da8c-d018-e837-688a-a1c97e1c60bc" executionId="f4e19e58-7875-442d-ab25-0fa7d53b862b" testListId="8c84fa94-04c1-424b-9868-57a2d4851a1d" />
    <TestEntry testId="2a05d36c-6663-f391-0363-914b59a4350d" executionId="30499c0f-5f95-48fb-a59d-41d44d324c5e" testListId="8c84fa94-04c1-424b-9868-57a2d4851a1d" />
    <TestEntry testId="f6fed75f-ca2d-7372-d8f9-d54cb48e3241" executionId="55645113-6177-4baa-9b12-47409764dcfb" testListId="8c84fa94-04c1-424b-9868-57a2d4851a1d" />
    <TestEntry testId="71caa96c-eefc-f37c-a516-3df976d2ceb2" executionId="f7bc7528-56fb-4d13-a3db-091369f7d89c" testListId="8c84fa94-04c1-424b-9868-57a2d4851a1d" />
    <TestEntry testId="55c4c805-8d57-3d93-0f42-a1786ee1830d" executionId="458403bc-24b5-46c2-8635-260527c2c8f9" testListId="8c84fa94-04c1-424b-9868-57a2d4851a1d" />
    <TestEntry testId="bd2849e8-9f43-d821-f313-ca9c2ad28335" executionId="585b21b8-9ce5-4ee9-b62d-ec6f2a83321f" testListId="8c84fa94-04c1-424b-9868-57a2d4851a1d" />
    <TestEntry testId="16e3ee12-4cc7-7382-5087-3f265cd0c8c5" executionId="8635016a-8916-4539-91ce-f5a47898cb89" testListId="8c84fa94-04c1-424b-9868-57a2d4851a1d" />
  </TestEntries>
  <TestLists>
    <TestList name="Results Not in a List" id="8c84fa94-04c1-424b-9868-57a2d4851a1d" />
    <TestList name="All Loaded Results" id="19431567-8539-422a-85d7-44ee4e166bda" />
  </TestLists>
  <ResultSummary outcome="Completed">
    <Counters total="8" executed="8" passed="8" failed="0" error="0" timeout="0" aborted="0" inconclusive="0" passedButRunAborted="0" notRunnable="0" notExecuted="0" disconnected="0" warning="0" completed="0" inProgress="0" pending="0" />
    <Output>
      <StdOut>[xUnit.net 00:00:00.00] xUnit.net VSTest Adapter v3.1.1+bf6400fd51 (64-bit .NET 8.0.16)&#xD;
[xUnit.net 00:00:00.10]   Discovering: FlinkDotNet.Common.Constants.Tests&#xD;
[xUnit.net 00:00:00.14]   Discovered:  FlinkDotNet.Common.Constants.Tests&#xD;
[xUnit.net 00:00:00.18]   Starting:    FlinkDotNet.Common.Constants.Tests&#xD;
[xUnit.net 00:00:00.28]   Finished:    FlinkDotNet.Common.Constants.Tests&#xD;
</StdOut>
    </Output>
  </ResultSummary>
</TestRun>